Determining if the pthread_create exist failed with the following output:
Change Dir: /home/ros/demining_ws/src/mine_detection/build/catkin_tools_prebuild/CMakeFiles/CMakeTmp

Run Build Command:"/usr/bin/make" "cmTC_14dce/fast"
/usr/bin/make -f CMakeFiles/cmTC_14dce.dir/build.make CMakeFiles/cmTC_14dce.dir/build
make[1]: Entering directory '/home/ros/demining_ws/src/mine_detection/build/catkin_tools_prebuild/CMakeFiles/CMakeTmp'
Building C object CMakeFiles/cmTC_14dce.dir/CheckSymbolExists.c.o
/usr/bin/cc     -o CMakeFiles/cmTC_14dce.dir/CheckSymbolExists.c.o   -c /home/ros/demining_ws/src/mine_detection/build/catkin_tools_prebuild/CMakeFiles/CMakeTmp/CheckSymbolExists.c
Linking C executable cmTC_14dce
/usr/bin/cmake -E cmake_link_script CMakeFiles/cmTC_14dce.dir/link.txt --verbose=1
/usr/bin/cc       CMakeFiles/cmTC_14dce.dir/CheckSymbolExists.c.o  -o cmTC_14dce -rdynamic 
CMakeFiles/cmTC_14dce.dir/CheckSymbolExists.c.o: In function `main':
CheckSymbolExists.c:(.text+0x16): undefined reference to `pthread_create'
collect2: error: ld returned 1 exit status
CMakeFiles/cmTC_14dce.dir/build.make:97: recipe for target 'cmTC_14dce' failed
make[1]: *** [cmTC_14dce] Error 1
make[1]: Leaving directory '/home/ros/demining_ws/src/mine_detection/build/catkin_tools_prebuild/CMakeFiles/CMakeTmp'
Makefile:126: recipe for target 'cmTC_14dce/fast' failed
make: *** [cmTC_14dce/fast] Error 2

File /home/ros/demining_ws/src/mine_detection/build/catkin_tools_prebuild/CMakeFiles/CMakeTmp/CheckSymbolExists.c:
/* */
#include <pthread.h>

int main(int argc, char** argv)
{
  (void)argv;
#ifndef pthread_create
  return ((int*)(&pthread_create))[argc];
#else
  (void)argc;
  return 0;
#endif
}

Determining if the function pthread_create exists in the pthreads failed with the following output:
Change Dir: /home/ros/demining_ws/src/mine_detection/build/catkin_tools_prebuild/CMakeFiles/CMakeTmp

Run Build Command:"/usr/bin/make" "cmTC_e5263/fast"
/usr/bin/make -f CMakeFiles/cmTC_e5263.dir/build.make CMakeFiles/cmTC_e5263.dir/build
make[1]: Entering directory '/home/ros/demining_ws/src/mine_detection/build/catkin_tools_prebuild/CMakeFiles/CMakeTmp'
Building C object CMakeFiles/cmTC_e5263.dir/CheckFunctionExists.c.o
/usr/bin/cc    -DCHECK_FUNCTION_EXISTS=pthread_create   -o CMakeFiles/cmTC_e5263.dir/CheckFunctionExists.c.o   -c /usr/share/cmake-3.5/Modules/CheckFunctionExists.c
Linking C executable cmTC_e5263
/usr/bin/cmake -E cmake_link_script CMakeFiles/cmTC_e5263.dir/link.txt --verbose=1
/usr/bin/cc   -DCHECK_FUNCTION_EXISTS=pthread_create    CMakeFiles/cmTC_e5263.dir/CheckFunctionExists.c.o  -o cmTC_e5263 -rdynamic -lpthreads 
/usr/bin/ld: cannot find -lpthreads
collect2: error: ld returned 1 exit status
CMakeFiles/cmTC_e5263.dir/build.make:97: recipe for target 'cmTC_e5263' failed
make[1]: *** [cmTC_e5263] Error 1
make[1]: Leaving directory '/home/ros/demining_ws/src/mine_detection/build/catkin_tools_prebuild/CMakeFiles/CMakeTmp'
Makefile:126: recipe for target 'cmTC_e5263/fast' failed
make: *** [cmTC_e5263/fast] Error 2


